<?xml version="1.0" encoding="utf-8" standalone="no"?>
<!--This file represents the results of running a test suite-->
<test-results name="c:\src\webatdd\Features\bin\Debug\Features_VS2008.dll" total="1" errors="0" failures="0" not-run="0" inconclusive="0" ignored="0" skipped="0" invalid="0" date="2010-08-24" time="15:08:15">
  <environment nunit-version="2.5.6.10205" clr-version="2.0.50727.4927" os-version="Microsoft Windows NT 6.1.7600.0" platform="Win32NT" cwd="C:\Users\Petar\Downloads\NUnit-2.5.6.10205\NUnit-2.5.6.10205\bin\net-2.0" machine-name="MBP-7" user="Petar" user-domain="mbp-7" />
  <culture-info current-culture="en-US" current-uiculture="en-US" />
  <test-suite type="Assembly" name="c:\src\webatdd\Features\bin\Debug\Features_VS2008.dll" executed="True" result="Success" success="True" time="8.896" asserts="0">
    <results>
      <test-suite type="Namespace" name="Features_VS2008" executed="True" result="Success" success="True" time="8.884" asserts="0">
        <results>
          <test-suite type="Namespace" name="Features" executed="True" result="Success" success="True" time="8.879" asserts="0">
            <results>
              <test-suite type="TestFixture" name="OrderedListsFeature" description="Ordered lists" executed="True" result="Success" success="True" time="8.874" asserts="0">
                <results>
                  <test-case name="Features_VS2008.Features.OrderedListsFeature.ViewListOfItems" description="View list of items" executed="True" result="Success" success="True" time="8.411" asserts="3" />
                </results>
              </test-suite>
            </results>
          </test-suite>
        </results>
      </test-suite>
    </results>
  </test-suite>
</test-results>